<?xml version="1.0" encoding="UTF-8"?>
<!-- Generated by org.testng.reporters.JUnitReportReporter -->
<testsuite hostname="LAPTOP-NVQRL7R7" failures="0" tests="2" name="com.crm.qa.testcases.DocumentsPageTest" time="23.641" errors="0" timestamp="2023-01-07T13:33:36 GMT-05:00" skipped="0">
  <testcase classname="com.crm.qa.testcases.DocumentsPageTest" name="verifyDocumentsPageLable" time="10.580"/>
  <system-out/>
  <testcase classname="com.crm.qa.testcases.DocumentsPageTest" name="SelectNewDocumentPage" time="13.061"/>
  <system-out/>
</testsuite> <!-- com.crm.qa.testcases.DocumentsPageTest -->
