<?xml version="1.0" encoding="UTF-8"?>
<!-- Generated by org.testng.reporters.JUnitReportReporter -->
<testsuite hostname="LAPTOP-NVQRL7R7" failures="0" tests="6" name="com.crm.qa.testcases.HomePageTest" time="77.034" errors="0" timestamp="2022-12-21T15:05:31 GMT-05:00" skipped="0">
  <testcase classname="com.crm.qa.testcases.HomePageTest" name="verifyHomePageTitletest" time="12.261"/>
  <system-out/>
  <testcase classname="com.crm.qa.testcases.HomePageTest" name="verifyuserName" time="13.137"/>
  <system-out/>
  <testcase classname="com.crm.qa.testcases.HomePageTest" name="verifyContactsLink" time="12.896"/>
  <system-out/>
  <testcase classname="com.crm.qa.testcases.HomePageTest" name="verifyDealsLink" time="13.056"/>
  <system-out/>
  <testcase classname="com.crm.qa.testcases.HomePageTest" name="verifyCompaniesLink" time="12.811"/>
  <system-out/>
  <testcase classname="com.crm.qa.testcases.HomePageTest" name="verifyDocumentsLink" time="12.873"/>
  <system-out/>
</testsuite> <!-- com.crm.qa.testcases.HomePageTest -->
