<?xml version="1.0" encoding="UTF-8"?>
<!-- Generated by org.testng.reporters.JUnitReportReporter -->
<testsuite hostname="LAPTOP-NVQRL7R7" failures="0" tests="2" name="com.crm.qa.testcases.DocumentsPageTest" time="26.492" errors="0" timestamp="2022-12-09T21:54:04 GMT-05:00" skipped="0">
  <testcase classname="com.crm.qa.testcases.DocumentsPageTest" name="verifyDocumentsPageLable" time="11.499"/>
  <system-out/>
  <testcase classname="com.crm.qa.testcases.DocumentsPageTest" name="SelectNewDocumentPage" time="14.993"/>
  <system-out/>
</testsuite> <!-- com.crm.qa.testcases.DocumentsPageTest -->
