<?xml version="1.0" encoding="UTF-8"?>
<!-- Generated by org.testng.reporters.JUnitReportReporter -->
<testsuite hostname="LAPTOP-NVQRL7R7" failures="0" tests="6" name="com.crm.qa.testcases.HomePageTest" time="69.407" errors="0" timestamp="2023-01-07T13:33:36 GMT-05:00" skipped="0">
  <testcase classname="com.crm.qa.testcases.HomePageTest" name="verifyHomePageTitletest" time="11.079"/>
  <system-out/>
  <testcase classname="com.crm.qa.testcases.HomePageTest" name="verifyuserName" time="11.654"/>
  <system-out/>
  <testcase classname="com.crm.qa.testcases.HomePageTest" name="verifyContactsLink" time="11.309"/>
  <system-out/>
  <testcase classname="com.crm.qa.testcases.HomePageTest" name="verifyDealsLink" time="11.455"/>
  <system-out/>
  <testcase classname="com.crm.qa.testcases.HomePageTest" name="verifyCompaniesLink" time="11.756"/>
  <system-out/>
  <testcase classname="com.crm.qa.testcases.HomePageTest" name="verifyDocumentsLink" time="12.154"/>
  <system-out/>
</testsuite> <!-- com.crm.qa.testcases.HomePageTest -->
