<?xml version="1.0" encoding="UTF-8"?>
<!-- Generated by org.testng.reporters.JUnitReportReporter -->
<testsuite hostname="LAPTOP-NVQRL7R7" failures="0" tests="6" name="com.crm.qa.testcases.HomePageTest" time="83.756" errors="0" timestamp="2023-01-07T13:07:29 GMT-05:00" skipped="0">
  <testcase classname="com.crm.qa.testcases.HomePageTest" name="verifyHomePageTitletest" time="13.438"/>
  <system-out/>
  <testcase classname="com.crm.qa.testcases.HomePageTest" name="verifyuserName" time="13.450"/>
  <system-out/>
  <testcase classname="com.crm.qa.testcases.HomePageTest" name="verifyContactsLink" time="14.221"/>
  <system-out/>
  <testcase classname="com.crm.qa.testcases.HomePageTest" name="verifyDealsLink" time="15.309"/>
  <system-out/>
  <testcase classname="com.crm.qa.testcases.HomePageTest" name="verifyCompaniesLink" time="14.179"/>
  <system-out/>
  <testcase classname="com.crm.qa.testcases.HomePageTest" name="verifyDocumentsLink" time="13.159"/>
  <system-out/>
</testsuite> <!-- com.crm.qa.testcases.HomePageTest -->
