<?xml version="1.0" encoding="UTF-8"?>
<!-- Generated by org.testng.reporters.JUnitReportReporter -->
<testsuite hostname="LAPTOP-NVQRL7R7" failures="0" tests="3" name="com.crm.qa.testcases.LoginPageTest" time="24.539" errors="0" timestamp="2023-01-07T13:07:29 GMT-05:00" skipped="0">
  <testcase classname="com.crm.qa.testcases.LoginPageTest" name="loginPageTitleTest" time="6.535"/>
  <system-out/>
  <testcase classname="com.crm.qa.testcases.LoginPageTest" name="crmLogoImagetest" time="5.763"/>
  <system-out/>
  <testcase classname="com.crm.qa.testcases.LoginPageTest" name="loginTest" time="12.241"/>
  <system-out/>
</testsuite> <!-- com.crm.qa.testcases.LoginPageTest -->
