<?xml version="1.0" encoding="UTF-8"?>
<!-- Generated by org.testng.reporters.JUnitReportReporter -->
<testsuite hostname="LAPTOP-NVQRL7R7" failures="0" tests="3" name="com.crm.qa.testcases.LoginPageTest" time="26.215" errors="0" timestamp="2022-12-21T22:59:29 GMT-05:00" skipped="0">
  <testcase classname="com.crm.qa.testcases.LoginPageTest" name="loginPageTitleTest" time="7.152"/>
  <system-out/>
  <testcase classname="com.crm.qa.testcases.LoginPageTest" name="crmLogoImagetest" time="6.964"/>
  <system-out/>
  <testcase classname="com.crm.qa.testcases.LoginPageTest" name="loginTest" time="12.099"/>
  <system-out/>
</testsuite> <!-- com.crm.qa.testcases.LoginPageTest -->
