<?xml version="1.0" encoding="UTF-8"?>
<!-- Generated by org.testng.reporters.JUnitReportReporter -->
<testsuite hostname="LAPTOP-NVQRL7R7" failures="0" tests="6" name="com.crm.qa.testcases.HomePageTest" time="75.330" errors="0" timestamp="2022-12-21T22:59:29 GMT-05:00" skipped="0">
  <testcase classname="com.crm.qa.testcases.HomePageTest" name="verifyHomePageTitletest" time="12.210"/>
  <system-out/>
  <testcase classname="com.crm.qa.testcases.HomePageTest" name="verifyuserName" time="12.978"/>
  <system-out/>
  <testcase classname="com.crm.qa.testcases.HomePageTest" name="verifyContactsLink" time="12.475"/>
  <system-out/>
  <testcase classname="com.crm.qa.testcases.HomePageTest" name="verifyDealsLink" time="12.599"/>
  <system-out/>
  <testcase classname="com.crm.qa.testcases.HomePageTest" name="verifyCompaniesLink" time="12.329"/>
  <system-out/>
  <testcase classname="com.crm.qa.testcases.HomePageTest" name="verifyDocumentsLink" time="12.739"/>
  <system-out/>
</testsuite> <!-- com.crm.qa.testcases.HomePageTest -->
