<?xml version="1.0" encoding="UTF-8"?>
<!-- Generated by org.testng.reporters.JUnitReportReporter -->
<testsuite hostname="LAPTOP-NVQRL7R7" failures="0" tests="2" name="com.crm.qa.testcases.DocumentsPageTest" time="29.985" errors="0" timestamp="2023-01-07T13:07:29 GMT-05:00" skipped="0">
  <testcase classname="com.crm.qa.testcases.DocumentsPageTest" name="verifyDocumentsPageLable" time="13.177"/>
  <system-out/>
  <testcase classname="com.crm.qa.testcases.DocumentsPageTest" name="SelectNewDocumentPage" time="16.808"/>
  <system-out/>
</testsuite> <!-- com.crm.qa.testcases.DocumentsPageTest -->
